Starting ProductInfoServiceImpTest on ZXing with PID 3324 (started by zx in E:\java\All-Workplace\2017workplace\sell)
No active profile set, falling back to default profiles: default
Refreshing org.springframework.web.context.support.GenericWebApplicationContext@221a3fa4: startup date [Sun Feb 11 10:29:19 CST 2018]; root of context hierarchy
HV000001: Hibernate Validator 5.3.6.Final
Bean 'org.springframework.transaction.annotation.ProxyTransactionManagementConfiguration' of type [org.springframework.transaction.annotation.ProxyTransactionManagementConfiguration$$EnhancerBySpringCGLIB$$20f7e303] is not eligible for getting processed by all BeanPostProcessors (for example: not eligible for auto-proxying)
Building JPA container EntityManagerFactory for persistence unit 'default'
HHH000204: Processing PersistenceUnitInfo [
	name: default
	...]
HHH000412: Hibernate Core {5.0.12.Final}
HHH000206: hibernate.properties not found
HHH000021: Bytecode provider name : javassist
HCANN000001: Hibernate Commons Annotations {5.0.1.Final}
HHH000400: Using dialect: org.hibernate.dialect.MySQL5Dialect
Initialized JPA EntityManagerFactory for persistence unit 'default'
Looking for @ControllerAdvice: org.springframework.web.context.support.GenericWebApplicationContext@221a3fa4: startup date [Sun Feb 11 10:29:19 CST 2018]; root of context hierarchy
Mapped "{[/error]}" onto public org.springframework.http.ResponseEntity<java.util.Map<java.lang.String, java.lang.Object>> org.springframework.boot.autoconfigure.web.BasicErrorController.error(javax.servlet.http.HttpServletRequest)
Mapped "{[/error],produces=[text/html]}" onto public org.springframework.web.servlet.ModelAndView org.springframework.boot.autoconfigure.web.BasicErrorController.errorHtml(javax.servlet.http.HttpServletRequest,javax.servlet.http.HttpServletResponse)
Mapped URL path [/webjars/**] onto handler of type [class org.springframework.web.servlet.resource.ResourceHttpRequestHandler]
Mapped URL path [/**] onto handler of type [class org.springframework.web.servlet.resource.ResourceHttpRequestHandler]
Mapped URL path [/**/favicon.ico] onto handler of type [class org.springframework.web.servlet.resource.ResourceHttpRequestHandler]
Started ProductInfoServiceImpTest in 36.878 seconds (JVM running for 48.107)
HHH000397: Using ASTQueryTranslatorFactory
Closing org.springframework.web.context.support.GenericWebApplicationContext@221a3fa4: startup date [Sun Feb 11 10:29:19 CST 2018]; root of context hierarchy
Closing JPA EntityManagerFactory for persistence unit 'default'
Starting ProductInfoServiceImpTest on ZXing with PID 11088 (started by zx in E:\java\All-Workplace\2017workplace\sell)
No active profile set, falling back to default profiles: default
Refreshing org.springframework.web.context.support.GenericWebApplicationContext@221a3fa4: startup date [Sun Feb 11 10:31:05 CST 2018]; root of context hierarchy
HV000001: Hibernate Validator 5.3.6.Final
Bean 'org.springframework.transaction.annotation.ProxyTransactionManagementConfiguration' of type [org.springframework.transaction.annotation.ProxyTransactionManagementConfiguration$$EnhancerBySpringCGLIB$$20f7e303] is not eligible for getting processed by all BeanPostProcessors (for example: not eligible for auto-proxying)
Building JPA container EntityManagerFactory for persistence unit 'default'
HHH000204: Processing PersistenceUnitInfo [
	name: default
	...]
HHH000412: Hibernate Core {5.0.12.Final}
HHH000206: hibernate.properties not found
HHH000021: Bytecode provider name : javassist
HCANN000001: Hibernate Commons Annotations {5.0.1.Final}
HHH000400: Using dialect: org.hibernate.dialect.MySQL5Dialect
Initialized JPA EntityManagerFactory for persistence unit 'default'
Looking for @ControllerAdvice: org.springframework.web.context.support.GenericWebApplicationContext@221a3fa4: startup date [Sun Feb 11 10:31:05 CST 2018]; root of context hierarchy
Mapped "{[/error]}" onto public org.springframework.http.ResponseEntity<java.util.Map<java.lang.String, java.lang.Object>> org.springframework.boot.autoconfigure.web.BasicErrorController.error(javax.servlet.http.HttpServletRequest)
Mapped "{[/error],produces=[text/html]}" onto public org.springframework.web.servlet.ModelAndView org.springframework.boot.autoconfigure.web.BasicErrorController.errorHtml(javax.servlet.http.HttpServletRequest,javax.servlet.http.HttpServletResponse)
Mapped URL path [/webjars/**] onto handler of type [class org.springframework.web.servlet.resource.ResourceHttpRequestHandler]
Mapped URL path [/**] onto handler of type [class org.springframework.web.servlet.resource.ResourceHttpRequestHandler]
Mapped URL path [/**/favicon.ico] onto handler of type [class org.springframework.web.servlet.resource.ResourceHttpRequestHandler]
Started ProductInfoServiceImpTest in 47.955 seconds (JVM running for 58.357)
HHH000397: Using ASTQueryTranslatorFactory
Closing org.springframework.web.context.support.GenericWebApplicationContext@221a3fa4: startup date [Sun Feb 11 10:31:05 CST 2018]; root of context hierarchy
Closing JPA EntityManagerFactory for persistence unit 'default'
Starting ProductInfoServiceImpTest on ZXing with PID 13400 (started by zx in E:\java\All-Workplace\2017workplace\sell)
No active profile set, falling back to default profiles: default
Refreshing org.springframework.web.context.support.GenericWebApplicationContext@339bf286: startup date [Sun Feb 11 10:32:59 CST 2018]; root of context hierarchy
HV000001: Hibernate Validator 5.3.6.Final
Bean 'org.springframework.transaction.annotation.ProxyTransactionManagementConfiguration' of type [org.springframework.transaction.annotation.ProxyTransactionManagementConfiguration$$EnhancerBySpringCGLIB$$d47fccd4] is not eligible for getting processed by all BeanPostProcessors (for example: not eligible for auto-proxying)
Building JPA container EntityManagerFactory for persistence unit 'default'
HHH000204: Processing PersistenceUnitInfo [
	name: default
	...]
HHH000412: Hibernate Core {5.0.12.Final}
HHH000206: hibernate.properties not found
HHH000021: Bytecode provider name : javassist
HCANN000001: Hibernate Commons Annotations {5.0.1.Final}
HHH000400: Using dialect: org.hibernate.dialect.MySQL5Dialect
Initialized JPA EntityManagerFactory for persistence unit 'default'
Looking for @ControllerAdvice: org.springframework.web.context.support.GenericWebApplicationContext@339bf286: startup date [Sun Feb 11 10:32:59 CST 2018]; root of context hierarchy
Mapped "{[/error]}" onto public org.springframework.http.ResponseEntity<java.util.Map<java.lang.String, java.lang.Object>> org.springframework.boot.autoconfigure.web.BasicErrorController.error(javax.servlet.http.HttpServletRequest)
Mapped "{[/error],produces=[text/html]}" onto public org.springframework.web.servlet.ModelAndView org.springframework.boot.autoconfigure.web.BasicErrorController.errorHtml(javax.servlet.http.HttpServletRequest,javax.servlet.http.HttpServletResponse)
Mapped URL path [/webjars/**] onto handler of type [class org.springframework.web.servlet.resource.ResourceHttpRequestHandler]
Mapped URL path [/**] onto handler of type [class org.springframework.web.servlet.resource.ResourceHttpRequestHandler]
Mapped URL path [/**/favicon.ico] onto handler of type [class org.springframework.web.servlet.resource.ResourceHttpRequestHandler]
Started ProductInfoServiceImpTest in 46.078 seconds (JVM running for 69.32)
HHH000397: Using ASTQueryTranslatorFactory
Starting SellApplication on ZXing with PID 3528 (E:\java\All-Workplace\2017workplace\sell\target\classes started by zx in E:\java\All-Workplace\2017workplace\sell)
No active profile set, falling back to default profiles: default
Refreshing org.springframework.boot.context.embedded.AnnotationConfigEmbeddedWebApplicationContext@4d9e68d0: startup date [Sun Feb 11 10:58:02 CST 2018]; root of context hierarchy
HV000001: Hibernate Validator 5.3.6.Final
Bean 'org.springframework.transaction.annotation.ProxyTransactionManagementConfiguration' of type [org.springframework.transaction.annotation.ProxyTransactionManagementConfiguration$$EnhancerBySpringCGLIB$$203cae04] is not eligible for getting processed by all BeanPostProcessors (for example: not eligible for auto-proxying)
Tomcat initialized with port(s): 8081 (http)
Starting service [Tomcat]
Starting Servlet Engine: Apache Tomcat/8.5.27
Initializing Spring embedded WebApplicationContext
Root WebApplicationContext: initialization completed in 6418 ms
Mapping servlet: 'dispatcherServlet' to [/]
Mapping filter: 'characterEncodingFilter' to: [/*]
Mapping filter: 'hiddenHttpMethodFilter' to: [/*]
Mapping filter: 'httpPutFormContentFilter' to: [/*]
Mapping filter: 'requestContextFilter' to: [/*]
Building JPA container EntityManagerFactory for persistence unit 'default'
HHH000204: Processing PersistenceUnitInfo [
	name: default
	...]
HHH000412: Hibernate Core {5.0.12.Final}
HHH000206: hibernate.properties not found
HHH000021: Bytecode provider name : javassist
HCANN000001: Hibernate Commons Annotations {5.0.1.Final}
HHH000400: Using dialect: org.hibernate.dialect.MySQL5Dialect
Initialized JPA EntityManagerFactory for persistence unit 'default'
Looking for @ControllerAdvice: org.springframework.boot.context.embedded.AnnotationConfigEmbeddedWebApplicationContext@4d9e68d0: startup date [Sun Feb 11 10:58:02 CST 2018]; root of context hierarchy
Mapped "{[/buyer/product/list],methods=[GET]}" onto public com.zxing.sell.VO.ResultVO com.zxing.sell.controller.BuyerProductController.getList()
Mapped "{[/error]}" onto public org.springframework.http.ResponseEntity<java.util.Map<java.lang.String, java.lang.Object>> org.springframework.boot.autoconfigure.web.BasicErrorController.error(javax.servlet.http.HttpServletRequest)
Mapped "{[/error],produces=[text/html]}" onto public org.springframework.web.servlet.ModelAndView org.springframework.boot.autoconfigure.web.BasicErrorController.errorHtml(javax.servlet.http.HttpServletRequest,javax.servlet.http.HttpServletResponse)
Mapped URL path [/webjars/**] onto handler of type [class org.springframework.web.servlet.resource.ResourceHttpRequestHandler]
Mapped URL path [/**] onto handler of type [class org.springframework.web.servlet.resource.ResourceHttpRequestHandler]
Mapped URL path [/**/favicon.ico] onto handler of type [class org.springframework.web.servlet.resource.ResourceHttpRequestHandler]
Registering beans for JMX exposure on startup
Initializing ProtocolHandler ["http-nio-8081"]
Starting ProtocolHandler ["http-nio-8081"]
Using a shared selector for servlet write/read
Tomcat started on port(s): 8081 (http)
Started SellApplication in 16.972 seconds (JVM running for 20.97)
Initializing Spring FrameworkServlet 'dispatcherServlet'
FrameworkServlet 'dispatcherServlet': initialization started
FrameworkServlet 'dispatcherServlet': initialization completed in 101 ms
HHH000397: Using ASTQueryTranslatorFactory
Starting SellApplication on ZXing with PID 10300 (E:\java\All-Workplace\2017workplace\sell\target\classes started by zx in E:\java\All-Workplace\2017workplace\sell)
No active profile set, falling back to default profiles: default
Refreshing org.springframework.boot.context.embedded.AnnotationConfigEmbeddedWebApplicationContext@4d9e68d0: startup date [Sun Feb 11 11:29:08 CST 2018]; root of context hierarchy
HV000001: Hibernate Validator 5.3.6.Final
Bean 'org.springframework.transaction.annotation.ProxyTransactionManagementConfiguration' of type [org.springframework.transaction.annotation.ProxyTransactionManagementConfiguration$$EnhancerBySpringCGLIB$$d7f2709e] is not eligible for getting processed by all BeanPostProcessors (for example: not eligible for auto-proxying)
Tomcat initialized with port(s): 8081 (http)
Starting service [Tomcat]
Starting Servlet Engine: Apache Tomcat/8.5.27
Initializing Spring embedded WebApplicationContext
Root WebApplicationContext: initialization completed in 7416 ms
Mapping servlet: 'dispatcherServlet' to [/]
Mapping filter: 'characterEncodingFilter' to: [/*]
Mapping filter: 'hiddenHttpMethodFilter' to: [/*]
Mapping filter: 'httpPutFormContentFilter' to: [/*]
Mapping filter: 'requestContextFilter' to: [/*]
Building JPA container EntityManagerFactory for persistence unit 'default'
HHH000204: Processing PersistenceUnitInfo [
	name: default
	...]
HHH000412: Hibernate Core {5.0.12.Final}
HHH000206: hibernate.properties not found
HHH000021: Bytecode provider name : javassist
HCANN000001: Hibernate Commons Annotations {5.0.1.Final}
HHH000400: Using dialect: org.hibernate.dialect.MySQL5Dialect
Initialized JPA EntityManagerFactory for persistence unit 'default'
Looking for @ControllerAdvice: org.springframework.boot.context.embedded.AnnotationConfigEmbeddedWebApplicationContext@4d9e68d0: startup date [Sun Feb 11 11:29:08 CST 2018]; root of context hierarchy
Mapped "{[/buyer/product/list],methods=[GET]}" onto public com.zxing.sell.VO.ResultVO com.zxing.sell.controller.BuyerProductController.getList()
Mapped "{[/error]}" onto public org.springframework.http.ResponseEntity<java.util.Map<java.lang.String, java.lang.Object>> org.springframework.boot.autoconfigure.web.BasicErrorController.error(javax.servlet.http.HttpServletRequest)
Mapped "{[/error],produces=[text/html]}" onto public org.springframework.web.servlet.ModelAndView org.springframework.boot.autoconfigure.web.BasicErrorController.errorHtml(javax.servlet.http.HttpServletRequest,javax.servlet.http.HttpServletResponse)
Mapped URL path [/webjars/**] onto handler of type [class org.springframework.web.servlet.resource.ResourceHttpRequestHandler]
Mapped URL path [/**] onto handler of type [class org.springframework.web.servlet.resource.ResourceHttpRequestHandler]
Mapped URL path [/**/favicon.ico] onto handler of type [class org.springframework.web.servlet.resource.ResourceHttpRequestHandler]
Registering beans for JMX exposure on startup
Initializing ProtocolHandler ["http-nio-8081"]
Starting ProtocolHandler ["http-nio-8081"]
Using a shared selector for servlet write/read
Tomcat started on port(s): 8081 (http)
Started SellApplication in 19.986 seconds (JVM running for 39.993)
Initializing Spring FrameworkServlet 'dispatcherServlet'
FrameworkServlet 'dispatcherServlet': initialization started
FrameworkServlet 'dispatcherServlet': initialization completed in 87 ms
Starting SellApplication on ZXing with PID 10316 (E:\java\All-Workplace\2017workplace\sell\target\classes started by zx in E:\java\All-Workplace\2017workplace\sell)
No active profile set, falling back to default profiles: default
Refreshing org.springframework.boot.context.embedded.AnnotationConfigEmbeddedWebApplicationContext@4d9e68d0: startup date [Sun Feb 11 12:19:08 CST 2018]; root of context hierarchy
HV000001: Hibernate Validator 5.3.6.Final
Bean 'org.springframework.transaction.annotation.ProxyTransactionManagementConfiguration' of type [org.springframework.transaction.annotation.ProxyTransactionManagementConfiguration$$EnhancerBySpringCGLIB$$b9db71a7] is not eligible for getting processed by all BeanPostProcessors (for example: not eligible for auto-proxying)
Tomcat initialized with port(s): 8081 (http)
Starting service [Tomcat]
Starting Servlet Engine: Apache Tomcat/8.5.27
Initializing Spring embedded WebApplicationContext
Root WebApplicationContext: initialization completed in 9916 ms
Mapping servlet: 'dispatcherServlet' to [/]
Mapping filter: 'characterEncodingFilter' to: [/*]
Mapping filter: 'hiddenHttpMethodFilter' to: [/*]
Mapping filter: 'httpPutFormContentFilter' to: [/*]
Mapping filter: 'requestContextFilter' to: [/*]
Building JPA container EntityManagerFactory for persistence unit 'default'
HHH000204: Processing PersistenceUnitInfo [
	name: default
	...]
HHH000412: Hibernate Core {5.0.12.Final}
HHH000206: hibernate.properties not found
HHH000021: Bytecode provider name : javassist
HCANN000001: Hibernate Commons Annotations {5.0.1.Final}
HHH000400: Using dialect: org.hibernate.dialect.MySQL5Dialect
Initialized JPA EntityManagerFactory for persistence unit 'default'
Looking for @ControllerAdvice: org.springframework.boot.context.embedded.AnnotationConfigEmbeddedWebApplicationContext@4d9e68d0: startup date [Sun Feb 11 12:19:08 CST 2018]; root of context hierarchy
Mapped "{[/buyer/product/list],methods=[GET]}" onto public com.zxing.sell.VO.ResultVO com.zxing.sell.controller.BuyerProductController.getList()
Mapped "{[/error]}" onto public org.springframework.http.ResponseEntity<java.util.Map<java.lang.String, java.lang.Object>> org.springframework.boot.autoconfigure.web.BasicErrorController.error(javax.servlet.http.HttpServletRequest)
Mapped "{[/error],produces=[text/html]}" onto public org.springframework.web.servlet.ModelAndView org.springframework.boot.autoconfigure.web.BasicErrorController.errorHtml(javax.servlet.http.HttpServletRequest,javax.servlet.http.HttpServletResponse)
Mapped URL path [/webjars/**] onto handler of type [class org.springframework.web.servlet.resource.ResourceHttpRequestHandler]
Mapped URL path [/**] onto handler of type [class org.springframework.web.servlet.resource.ResourceHttpRequestHandler]
Mapped URL path [/**/favicon.ico] onto handler of type [class org.springframework.web.servlet.resource.ResourceHttpRequestHandler]
Registering beans for JMX exposure on startup
Initializing ProtocolHandler ["http-nio-8081"]
Starting ProtocolHandler ["http-nio-8081"]
Using a shared selector for servlet write/read
Tomcat started on port(s): 8081 (http)
Started SellApplication in 26.276 seconds (JVM running for 33.488)
Initializing Spring FrameworkServlet 'dispatcherServlet'
FrameworkServlet 'dispatcherServlet': initialization started
FrameworkServlet 'dispatcherServlet': initialization completed in 74 ms
HHH000397: Using ASTQueryTranslatorFactory
Starting SellApplication on ZXing with PID 14508 (E:\java\All-Workplace\2017workplace\sell\target\classes started by zx in E:\java\All-Workplace\2017workplace\sell)
No active profile set, falling back to default profiles: default
Refreshing org.springframework.boot.context.embedded.AnnotationConfigEmbeddedWebApplicationContext@61ee9a28: startup date [Sun Feb 11 12:26:53 CST 2018]; root of context hierarchy
HV000001: Hibernate Validator 5.3.6.Final
Bean 'org.springframework.transaction.annotation.ProxyTransactionManagementConfiguration' of type [org.springframework.transaction.annotation.ProxyTransactionManagementConfiguration$$EnhancerBySpringCGLIB$$ed1d25f] is not eligible for getting processed by all BeanPostProcessors (for example: not eligible for auto-proxying)
Tomcat initialized with port(s): 8081 (http)
Starting service [Tomcat]
Starting Servlet Engine: Apache Tomcat/8.5.27
Initializing Spring embedded WebApplicationContext
Root WebApplicationContext: initialization completed in 6957 ms
Mapping servlet: 'dispatcherServlet' to [/]
Mapping filter: 'characterEncodingFilter' to: [/*]
Mapping filter: 'hiddenHttpMethodFilter' to: [/*]
Mapping filter: 'httpPutFormContentFilter' to: [/*]
Mapping filter: 'requestContextFilter' to: [/*]
Building JPA container EntityManagerFactory for persistence unit 'default'
HHH000204: Processing PersistenceUnitInfo [
	name: default
	...]
HHH000412: Hibernate Core {5.0.12.Final}
HHH000206: hibernate.properties not found
HHH000021: Bytecode provider name : javassist
HCANN000001: Hibernate Commons Annotations {5.0.1.Final}
HHH000400: Using dialect: org.hibernate.dialect.MySQL5Dialect
Initialized JPA EntityManagerFactory for persistence unit 'default'
Looking for @ControllerAdvice: org.springframework.boot.context.embedded.AnnotationConfigEmbeddedWebApplicationContext@61ee9a28: startup date [Sun Feb 11 12:26:53 CST 2018]; root of context hierarchy
Mapped "{[/buyer/product/list],methods=[GET]}" onto public com.zxing.sell.VO.ResultVO com.zxing.sell.controller.BuyerProductController.getList()
Mapped "{[/error]}" onto public org.springframework.http.ResponseEntity<java.util.Map<java.lang.String, java.lang.Object>> org.springframework.boot.autoconfigure.web.BasicErrorController.error(javax.servlet.http.HttpServletRequest)
Mapped "{[/error],produces=[text/html]}" onto public org.springframework.web.servlet.ModelAndView org.springframework.boot.autoconfigure.web.BasicErrorController.errorHtml(javax.servlet.http.HttpServletRequest,javax.servlet.http.HttpServletResponse)
Mapped URL path [/webjars/**] onto handler of type [class org.springframework.web.servlet.resource.ResourceHttpRequestHandler]
Mapped URL path [/**] onto handler of type [class org.springframework.web.servlet.resource.ResourceHttpRequestHandler]
Mapped URL path [/**/favicon.ico] onto handler of type [class org.springframework.web.servlet.resource.ResourceHttpRequestHandler]
LiveReload server is running on port 35729
Registering beans for JMX exposure on startup
Initializing ProtocolHandler ["http-nio-8081"]
Starting ProtocolHandler ["http-nio-8081"]
Using a shared selector for servlet write/read
Tomcat started on port(s): 8081 (http)
Started SellApplication in 17.793 seconds (JVM running for 31.357)
Initializing Spring FrameworkServlet 'dispatcherServlet'
FrameworkServlet 'dispatcherServlet': initialization started
FrameworkServlet 'dispatcherServlet': initialization completed in 82 ms
HHH000397: Using ASTQueryTranslatorFactory
Starting SellApplication on ZXing with PID 9320 (E:\java\All-Workplace\2017workplace\sell\target\classes started by zx in E:\java\All-Workplace\2017workplace\sell)
No active profile set, falling back to default profiles: default
Refreshing org.springframework.boot.context.embedded.AnnotationConfigEmbeddedWebApplicationContext@423f9b82: startup date [Sun Feb 11 12:34:06 CST 2018]; root of context hierarchy
HV000001: Hibernate Validator 5.3.6.Final
Bean 'org.springframework.transaction.annotation.ProxyTransactionManagementConfiguration' of type [org.springframework.transaction.annotation.ProxyTransactionManagementConfiguration$$EnhancerBySpringCGLIB$$7a0d6e07] is not eligible for getting processed by all BeanPostProcessors (for example: not eligible for auto-proxying)
Tomcat initialized with port(s): 8081 (http)
Starting service [Tomcat]
Starting Servlet Engine: Apache Tomcat/8.5.27
Initializing Spring embedded WebApplicationContext
Root WebApplicationContext: initialization completed in 9882 ms
Mapping servlet: 'dispatcherServlet' to [/]
Mapping filter: 'characterEncodingFilter' to: [/*]
Mapping filter: 'hiddenHttpMethodFilter' to: [/*]
Mapping filter: 'httpPutFormContentFilter' to: [/*]
Mapping filter: 'requestContextFilter' to: [/*]
Building JPA container EntityManagerFactory for persistence unit 'default'
HHH000204: Processing PersistenceUnitInfo [
	name: default
	...]
HHH000412: Hibernate Core {5.0.12.Final}
HHH000206: hibernate.properties not found
HHH000021: Bytecode provider name : javassist
HCANN000001: Hibernate Commons Annotations {5.0.1.Final}
HHH000400: Using dialect: org.hibernate.dialect.MySQL5Dialect
Initialized JPA EntityManagerFactory for persistence unit 'default'
Looking for @ControllerAdvice: org.springframework.boot.context.embedded.AnnotationConfigEmbeddedWebApplicationContext@423f9b82: startup date [Sun Feb 11 12:34:06 CST 2018]; root of context hierarchy
Mapped "{[/buyer/product/list],methods=[GET]}" onto public com.zxing.sell.VO.ResultVO com.zxing.sell.controller.BuyerProductController.getList()
Mapped "{[/error]}" onto public org.springframework.http.ResponseEntity<java.util.Map<java.lang.String, java.lang.Object>> org.springframework.boot.autoconfigure.web.BasicErrorController.error(javax.servlet.http.HttpServletRequest)
Mapped "{[/error],produces=[text/html]}" onto public org.springframework.web.servlet.ModelAndView org.springframework.boot.autoconfigure.web.BasicErrorController.errorHtml(javax.servlet.http.HttpServletRequest,javax.servlet.http.HttpServletResponse)
Mapped URL path [/webjars/**] onto handler of type [class org.springframework.web.servlet.resource.ResourceHttpRequestHandler]
Mapped URL path [/**] onto handler of type [class org.springframework.web.servlet.resource.ResourceHttpRequestHandler]
Mapped URL path [/**/favicon.ico] onto handler of type [class org.springframework.web.servlet.resource.ResourceHttpRequestHandler]
LiveReload server is running on port 35729
Registering beans for JMX exposure on startup
Initializing ProtocolHandler ["http-nio-8081"]
Starting ProtocolHandler ["http-nio-8081"]
Using a shared selector for servlet write/read
Tomcat started on port(s): 8081 (http)
Started SellApplication in 23.579 seconds (JVM running for 37.788)
Initializing Spring FrameworkServlet 'dispatcherServlet'
FrameworkServlet 'dispatcherServlet': initialization started
FrameworkServlet 'dispatcherServlet': initialization completed in 123 ms
HHH000397: Using ASTQueryTranslatorFactory
Starting SellApplication on ZXing with PID 7972 (E:\java\All-Workplace\2017workplace\sell\target\classes started by zx in E:\java\All-Workplace\2017workplace\sell)
No active profile set, falling back to default profiles: default
Refreshing org.springframework.boot.context.embedded.AnnotationConfigEmbeddedWebApplicationContext@1cb4b5aa: startup date [Sun Feb 11 12:45:57 CST 2018]; root of context hierarchy
HV000001: Hibernate Validator 5.3.6.Final
Bean 'org.springframework.transaction.annotation.ProxyTransactionManagementConfiguration' of type [org.springframework.transaction.annotation.ProxyTransactionManagementConfiguration$$EnhancerBySpringCGLIB$$330c5a22] is not eligible for getting processed by all BeanPostProcessors (for example: not eligible for auto-proxying)
Tomcat initialized with port(s): 8081 (http)
Starting service [Tomcat]
Starting Servlet Engine: Apache Tomcat/8.5.27
Initializing Spring embedded WebApplicationContext
Root WebApplicationContext: initialization completed in 8931 ms
Mapping servlet: 'dispatcherServlet' to [/]
Mapping filter: 'characterEncodingFilter' to: [/*]
Mapping filter: 'hiddenHttpMethodFilter' to: [/*]
Mapping filter: 'httpPutFormContentFilter' to: [/*]
Mapping filter: 'requestContextFilter' to: [/*]
Building JPA container EntityManagerFactory for persistence unit 'default'
HHH000204: Processing PersistenceUnitInfo [
	name: default
	...]
HHH000412: Hibernate Core {5.0.12.Final}
HHH000206: hibernate.properties not found
HHH000021: Bytecode provider name : javassist
HCANN000001: Hibernate Commons Annotations {5.0.1.Final}
HHH000400: Using dialect: org.hibernate.dialect.MySQL5Dialect
Initialized JPA EntityManagerFactory for persistence unit 'default'
Looking for @ControllerAdvice: org.springframework.boot.context.embedded.AnnotationConfigEmbeddedWebApplicationContext@1cb4b5aa: startup date [Sun Feb 11 12:45:57 CST 2018]; root of context hierarchy
Mapped "{[/buyer/product/list],methods=[GET]}" onto public com.zxing.sell.VO.ResultVO com.zxing.sell.controller.BuyerProductController.getList()
Mapped "{[/error]}" onto public org.springframework.http.ResponseEntity<java.util.Map<java.lang.String, java.lang.Object>> org.springframework.boot.autoconfigure.web.BasicErrorController.error(javax.servlet.http.HttpServletRequest)
Mapped "{[/error],produces=[text/html]}" onto public org.springframework.web.servlet.ModelAndView org.springframework.boot.autoconfigure.web.BasicErrorController.errorHtml(javax.servlet.http.HttpServletRequest,javax.servlet.http.HttpServletResponse)
Mapped URL path [/webjars/**] onto handler of type [class org.springframework.web.servlet.resource.ResourceHttpRequestHandler]
Mapped URL path [/**] onto handler of type [class org.springframework.web.servlet.resource.ResourceHttpRequestHandler]
Mapped URL path [/**/favicon.ico] onto handler of type [class org.springframework.web.servlet.resource.ResourceHttpRequestHandler]
LiveReload server is running on port 35729
Registering beans for JMX exposure on startup
Initializing ProtocolHandler ["http-nio-8081"]
Starting ProtocolHandler ["http-nio-8081"]
Using a shared selector for servlet write/read
Tomcat started on port(s): 8081 (http)
Started SellApplication in 20.717 seconds (JVM running for 25.325)
Initializing Spring FrameworkServlet 'dispatcherServlet'
FrameworkServlet 'dispatcherServlet': initialization started
FrameworkServlet 'dispatcherServlet': initialization completed in 72 ms
HHH000397: Using ASTQueryTranslatorFactory
